<?xml version="1.0" encoding="UTF-8"?>
<!-- Generated by org.testng.reporters.JUnitReportReporter -->
<testsuite skipped="0" hostname="PC-20170916PHJK" name="TestNG.TestNG01" tests="1" failures="0" timestamp="09 四月 2018 08:48:55 GMT" time="0.015" errors="0">
  <testcase name="testAdd" time="0.015" classname="TestNG.TestNG01"/>
</testsuite> <!-- TestNG.TestNG01 -->
