<?xml version="1.0" encoding="UTF-8"?>
<!-- Generated by org.testng.reporters.JUnitReportReporter -->
<testsuite skipped="1" hostname="PC-20170916PHJK" name="TestForAnsteel.TestForAnsteel" tests="2" failures="0" timestamp="10 五月 2018 01:24:36 GMT" time="10.051" errors="0">
  <testcase name="userRegisterTest" time="10.051" classname="TestForAnsteel.TestForAnsteel"/>
  <testcase name="userInfoTest" classname="TestForAnsteel.TestForAnsteel">
    <skipped/>
  </testcase> <!-- userInfoTest -->
</testsuite> <!-- TestForAnsteel.TestForAnsteel -->
