<?xml version="1.0" encoding="UTF-8"?>
<!-- Generated by org.testng.reporters.JUnitReportReporter -->
<testsuite skipped="0" hostname="PC-20170916PHJK" name="TestNG.TestNGClass" tests="1" failures="0" timestamp="02 五月 2018 09:40:10 GMT" time="9.014" errors="0">
  <testcase name="testDemo01" time="9.014" classname="TestNG.TestNGClass"/>
</testsuite> <!-- TestNG.TestNGClass -->
