<?xml version="1.0" encoding="UTF-8"?>
<!-- Generated by org.testng.reporters.JUnitReportReporter -->
<testsuite skipped="0" hostname="PC-20170916PHJK" name="TestForAnsteel.TestForAnsteel" tests="1" failures="0" timestamp="20 四月 2018 02:52:00 GMT" time="1.806" errors="0">
  <testcase name="f" time="1.806" classname="TestForAnsteel.TestForAnsteel"/>
</testsuite> <!-- TestForAnsteel.TestForAnsteel -->
